<testsuites id="" name="" tests="3" failures="0" skipped="0" errors="0" time="33.370288">
<testsuite name="src/tests/homepage.test.ts" timestamp="2023-10-24T22:20:16.205Z" hostname="Profile-Chrome" tests="3" failures="0" skipped="0" time="2.212" errors="0">
<testcase name="Home Page › @smoke should show correct Page title" classname="src/tests/homepage.test.ts" time="1.341">
</testcase>
<testcase name="Home Page › @smoke should show correct page Welcome Message" classname="src/tests/homepage.test.ts" time="0.482">
</testcase>
<testcase name="Home Page › @smoke should show correct App title" classname="src/tests/homepage.test.ts" time="0.389">
</testcase>
</testsuite>
</testsuites>